2014-05-18 14:12:01 Error: Fatal Error (1): Call to a member function find() on a non-object in [D:\www\product\nalist.com\trunk\app\Plugin\Admin\Controller\CategoriesController.php, line 83]
2014-05-18 14:12:01 Error: [FatalErrorException] Call to a member function find() on a non-object
Request URL: /product/nalist.com/trunk/admin/categories/edit/2
Stack Trace:
#0 D:\www\product\nalist.com\trunk\lib\Cake\Error\ErrorHandler.php(205): ErrorHandler::handleFatalError(1, 'Call to a membe...', 'D:\www\product\...', 83)
#1 [internal function]: ErrorHandler::handleError(1, 'Call to a membe...', 'D:\www\product\...', 83, Array)
#2 D:\www\product\nalist.com\trunk\lib\Cake\Core\App.php(931): call_user_func('ErrorHandler::h...', 1, 'Call to a membe...', 'D:\www\product\...', 83, Array)
#3 D:\www\product\nalist.com\trunk\lib\Cake\Core\App.php(904): App::_checkFatalError()
#4 [internal function]: App::shutdown()
#5 {main}
2014-05-18 14:12:01 Error: [MissingControllerException] Controller class Cake.generic.cssController could not be found.
Exception Attributes: array (
  'class' => 'Cake.generic.cssController',
  'plugin' => NULL,
)
Request URL: /product/nalist.com/trunk/css/cake.generic.css
Stack Trace:
#0 D:\www\product\nalist.com\trunk\app\webroot\index.php(110): Dispatcher->dispatch(Object(CakeRequest), Object(CakeResponse))
#1 {main}
2014-05-18 14:12:01 Error: [MissingControllerException] Controller class Cake.power.gifController could not be found.
Exception Attributes: array (
  'class' => 'Cake.power.gifController',
  'plugin' => NULL,
)
Request URL: /product/nalist.com/trunk/img/cake.power.gif
Stack Trace:
#0 D:\www\product\nalist.com\trunk\app\webroot\index.php(110): Dispatcher->dispatch(Object(CakeRequest), Object(CakeResponse))
#1 {main}
2014-05-18 14:15:18 Error: Fatal Error (1): Call to a member function find() on a non-object in [D:\www\product\nalist.com\trunk\app\Plugin\Admin\Controller\CategoriesController.php, line 83]
2014-05-18 14:15:18 Error: [FatalErrorException] Call to a member function find() on a non-object
Request URL: /product/nalist.com/trunk/admin/categories/edit/2
Stack Trace:
#0 D:\www\product\nalist.com\trunk\lib\Cake\Error\ErrorHandler.php(205): ErrorHandler::handleFatalError(1, 'Call to a membe...', 'D:\www\product\...', 83)
#1 [internal function]: ErrorHandler::handleError(1, 'Call to a membe...', 'D:\www\product\...', 83, Array)
#2 D:\www\product\nalist.com\trunk\lib\Cake\Core\App.php(931): call_user_func('ErrorHandler::h...', 1, 'Call to a membe...', 'D:\www\product\...', 83, Array)
#3 D:\www\product\nalist.com\trunk\lib\Cake\Core\App.php(904): App::_checkFatalError()
#4 [internal function]: App::shutdown()
#5 {main}
2014-05-18 14:15:19 Error: [MissingControllerException] Controller class Cake.generic.cssController could not be found.
Exception Attributes: array (
  'class' => 'Cake.generic.cssController',
  'plugin' => NULL,
)
Request URL: /product/nalist.com/trunk/css/cake.generic.css
Stack Trace:
#0 D:\www\product\nalist.com\trunk\app\webroot\index.php(110): Dispatcher->dispatch(Object(CakeRequest), Object(CakeResponse))
#1 {main}
2014-05-18 14:15:19 Error: [MissingControllerException] Controller class Cake.power.gifController could not be found.
Exception Attributes: array (
  'class' => 'Cake.power.gifController',
  'plugin' => NULL,
)
Request URL: /product/nalist.com/trunk/img/cake.power.gif
Stack Trace:
#0 D:\www\product\nalist.com\trunk\app\webroot\index.php(110): Dispatcher->dispatch(Object(CakeRequest), Object(CakeResponse))
#1 {main}
2014-05-18 14:15:32 Error: Fatal Error (1): Call to a member function find() on a non-object in [D:\www\product\nalist.com\trunk\app\Plugin\Admin\Controller\CategoriesController.php, line 57]
2014-05-18 14:15:32 Error: [FatalErrorException] Call to a member function find() on a non-object
Request URL: /product/nalist.com/trunk/admin/categories/add
Stack Trace:
#0 D:\www\product\nalist.com\trunk\lib\Cake\Error\ErrorHandler.php(205): ErrorHandler::handleFatalError(1, 'Call to a membe...', 'D:\www\product\...', 57)
#1 [internal function]: ErrorHandler::handleError(1, 'Call to a membe...', 'D:\www\product\...', 57, Array)
#2 D:\www\product\nalist.com\trunk\lib\Cake\Core\App.php(931): call_user_func('ErrorHandler::h...', 1, 'Call to a membe...', 'D:\www\product\...', 57, Array)
#3 D:\www\product\nalist.com\trunk\lib\Cake\Core\App.php(904): App::_checkFatalError()
#4 [internal function]: App::shutdown()
#5 {main}
2014-05-18 14:15:32 Error: [MissingControllerException] Controller class Cake.generic.cssController could not be found.
Exception Attributes: array (
  'class' => 'Cake.generic.cssController',
  'plugin' => NULL,
)
Request URL: /product/nalist.com/trunk/css/cake.generic.css
Stack Trace:
#0 D:\www\product\nalist.com\trunk\app\webroot\index.php(110): Dispatcher->dispatch(Object(CakeRequest), Object(CakeResponse))
#1 {main}
2014-05-18 14:15:32 Error: [MissingControllerException] Controller class Cake.power.gifController could not be found.
Exception Attributes: array (
  'class' => 'Cake.power.gifController',
  'plugin' => NULL,
)
Request URL: /product/nalist.com/trunk/img/cake.power.gif
Stack Trace:
#0 D:\www\product\nalist.com\trunk\app\webroot\index.php(110): Dispatcher->dispatch(Object(CakeRequest), Object(CakeResponse))
#1 {main}
2014-05-18 14:15:43 Error: Fatal Error (1): Call to a member function find() on a non-object in [D:\www\product\nalist.com\trunk\app\Plugin\Admin\Controller\FiltersController.php, line 58]
2014-05-18 14:15:43 Error: [FatalErrorException] Call to a member function find() on a non-object
Request URL: /product/nalist.com/trunk/admin/filters/add
Stack Trace:
#0 D:\www\product\nalist.com\trunk\lib\Cake\Error\ErrorHandler.php(205): ErrorHandler::handleFatalError(1, 'Call to a membe...', 'D:\www\product\...', 58)
#1 [internal function]: ErrorHandler::handleError(1, 'Call to a membe...', 'D:\www\product\...', 58, Array)
#2 D:\www\product\nalist.com\trunk\lib\Cake\Core\App.php(931): call_user_func('ErrorHandler::h...', 1, 'Call to a membe...', 'D:\www\product\...', 58, Array)
#3 D:\www\product\nalist.com\trunk\lib\Cake\Core\App.php(904): App::_checkFatalError()
#4 [internal function]: App::shutdown()
#5 {main}
2014-05-18 14:15:43 Error: [MissingControllerException] Controller class Cake.generic.cssController could not be found.
Exception Attributes: array (
  'class' => 'Cake.generic.cssController',
  'plugin' => NULL,
)
Request URL: /product/nalist.com/trunk/css/cake.generic.css
Stack Trace:
#0 D:\www\product\nalist.com\trunk\app\webroot\index.php(110): Dispatcher->dispatch(Object(CakeRequest), Object(CakeResponse))
#1 {main}
2014-05-18 14:15:43 Error: [MissingControllerException] Controller class Cake.power.gifController could not be found.
Exception Attributes: array (
  'class' => 'Cake.power.gifController',
  'plugin' => NULL,
)
Request URL: /product/nalist.com/trunk/img/cake.power.gif
Stack Trace:
#0 D:\www\product\nalist.com\trunk\app\webroot\index.php(110): Dispatcher->dispatch(Object(CakeRequest), Object(CakeResponse))
#1 {main}
2014-05-18 14:15:47 Error: Fatal Error (1): Call to a member function find() on a non-object in [D:\www\product\nalist.com\trunk\app\Plugin\Admin\Controller\CategoriesController.php, line 57]
2014-05-18 14:15:47 Error: [FatalErrorException] Call to a member function find() on a non-object
Request URL: /product/nalist.com/trunk/admin/categories/add
Stack Trace:
#0 D:\www\product\nalist.com\trunk\lib\Cake\Error\ErrorHandler.php(205): ErrorHandler::handleFatalError(1, 'Call to a membe...', 'D:\www\product\...', 57)
#1 [internal function]: ErrorHandler::handleError(1, 'Call to a membe...', 'D:\www\product\...', 57, Array)
#2 D:\www\product\nalist.com\trunk\lib\Cake\Core\App.php(931): call_user_func('ErrorHandler::h...', 1, 'Call to a membe...', 'D:\www\product\...', 57, Array)
#3 D:\www\product\nalist.com\trunk\lib\Cake\Core\App.php(904): App::_checkFatalError()
#4 [internal function]: App::shutdown()
#5 {main}
2014-05-18 14:15:48 Error: [MissingControllerException] Controller class Cake.generic.cssController could not be found.
Exception Attributes: array (
  'class' => 'Cake.generic.cssController',
  'plugin' => NULL,
)
Request URL: /product/nalist.com/trunk/css/cake.generic.css
Stack Trace:
#0 D:\www\product\nalist.com\trunk\app\webroot\index.php(110): Dispatcher->dispatch(Object(CakeRequest), Object(CakeResponse))
#1 {main}
2014-05-18 14:15:48 Error: [MissingControllerException] Controller class Cake.power.gifController could not be found.
Exception Attributes: array (
  'class' => 'Cake.power.gifController',
  'plugin' => NULL,
)
Request URL: /product/nalist.com/trunk/img/cake.power.gif
Stack Trace:
#0 D:\www\product\nalist.com\trunk\app\webroot\index.php(110): Dispatcher->dispatch(Object(CakeRequest), Object(CakeResponse))
#1 {main}
2014-05-18 14:15:51 Error: Fatal Error (1): Call to a member function find() on a non-object in [D:\www\product\nalist.com\trunk\app\Plugin\Admin\Controller\FiltersController.php, line 58]
2014-05-18 14:15:51 Error: [FatalErrorException] Call to a member function find() on a non-object
Request URL: /product/nalist.com/trunk/admin/filters/add
Stack Trace:
#0 D:\www\product\nalist.com\trunk\lib\Cake\Error\ErrorHandler.php(205): ErrorHandler::handleFatalError(1, 'Call to a membe...', 'D:\www\product\...', 58)
#1 [internal function]: ErrorHandler::handleError(1, 'Call to a membe...', 'D:\www\product\...', 58, Array)
#2 D:\www\product\nalist.com\trunk\lib\Cake\Core\App.php(931): call_user_func('ErrorHandler::h...', 1, 'Call to a membe...', 'D:\www\product\...', 58, Array)
#3 D:\www\product\nalist.com\trunk\lib\Cake\Core\App.php(904): App::_checkFatalError()
#4 [internal function]: App::shutdown()
#5 {main}
2014-05-18 14:15:51 Error: [MissingControllerException] Controller class Cake.generic.cssController could not be found.
Exception Attributes: array (
  'class' => 'Cake.generic.cssController',
  'plugin' => NULL,
)
Request URL: /product/nalist.com/trunk/css/cake.generic.css
Stack Trace:
#0 D:\www\product\nalist.com\trunk\app\webroot\index.php(110): Dispatcher->dispatch(Object(CakeRequest), Object(CakeResponse))
#1 {main}
2014-05-18 14:15:51 Error: [MissingControllerException] Controller class Cake.power.gifController could not be found.
Exception Attributes: array (
  'class' => 'Cake.power.gifController',
  'plugin' => NULL,
)
Request URL: /product/nalist.com/trunk/img/cake.power.gif
Stack Trace:
#0 D:\www\product\nalist.com\trunk\app\webroot\index.php(110): Dispatcher->dispatch(Object(CakeRequest), Object(CakeResponse))
#1 {main}
2014-05-18 14:16:59 Error: Fatal Error (1): Call to a member function find() on a non-object in [D:\www\product\nalist.com\trunk\app\Plugin\Admin\Controller\CategoriesController.php, line 57]
2014-05-18 14:16:59 Error: [FatalErrorException] Call to a member function find() on a non-object
Request URL: /product/nalist.com/trunk/admin/categories/add
Stack Trace:
#0 D:\www\product\nalist.com\trunk\lib\Cake\Error\ErrorHandler.php(205): ErrorHandler::handleFatalError(1, 'Call to a membe...', 'D:\www\product\...', 57)
#1 [internal function]: ErrorHandler::handleError(1, 'Call to a membe...', 'D:\www\product\...', 57, Array)
#2 D:\www\product\nalist.com\trunk\lib\Cake\Core\App.php(931): call_user_func('ErrorHandler::h...', 1, 'Call to a membe...', 'D:\www\product\...', 57, Array)
#3 D:\www\product\nalist.com\trunk\lib\Cake\Core\App.php(904): App::_checkFatalError()
#4 [internal function]: App::shutdown()
#5 {main}
2014-05-18 14:16:59 Error: [MissingControllerException] Controller class Cake.generic.cssController could not be found.
Exception Attributes: array (
  'class' => 'Cake.generic.cssController',
  'plugin' => NULL,
)
Request URL: /product/nalist.com/trunk/css/cake.generic.css
Stack Trace:
#0 D:\www\product\nalist.com\trunk\app\webroot\index.php(110): Dispatcher->dispatch(Object(CakeRequest), Object(CakeResponse))
#1 {main}
2014-05-18 14:16:59 Error: [MissingControllerException] Controller class Cake.power.gifController could not be found.
Exception Attributes: array (
  'class' => 'Cake.power.gifController',
  'plugin' => NULL,
)
Request URL: /product/nalist.com/trunk/img/cake.power.gif
Stack Trace:
#0 D:\www\product\nalist.com\trunk\app\webroot\index.php(110): Dispatcher->dispatch(Object(CakeRequest), Object(CakeResponse))
#1 {main}
2014-05-18 14:21:08 Error: Fatal Error (1): Call to a member function find() on a non-object in [D:\www\product\nalist.com\trunk\app\Plugin\Admin\Controller\FiltersController.php, line 58]
2014-05-18 14:21:08 Error: [FatalErrorException] Call to a member function find() on a non-object
Request URL: /product/nalist.com/trunk/admin/filters/add
Stack Trace:
#0 D:\www\product\nalist.com\trunk\lib\Cake\Error\ErrorHandler.php(205): ErrorHandler::handleFatalError(1, 'Call to a membe...', 'D:\www\product\...', 58)
#1 [internal function]: ErrorHandler::handleError(1, 'Call to a membe...', 'D:\www\product\...', 58, Array)
#2 D:\www\product\nalist.com\trunk\lib\Cake\Core\App.php(931): call_user_func('ErrorHandler::h...', 1, 'Call to a membe...', 'D:\www\product\...', 58, Array)
#3 D:\www\product\nalist.com\trunk\lib\Cake\Core\App.php(904): App::_checkFatalError()
#4 [internal function]: App::shutdown()
#5 {main}
2014-05-18 14:21:08 Error: [MissingControllerException] Controller class Cake.generic.cssController could not be found.
Exception Attributes: array (
  'class' => 'Cake.generic.cssController',
  'plugin' => NULL,
)
Request URL: /product/nalist.com/trunk/css/cake.generic.css
Stack Trace:
#0 D:\www\product\nalist.com\trunk\app\webroot\index.php(110): Dispatcher->dispatch(Object(CakeRequest), Object(CakeResponse))
#1 {main}
2014-05-18 14:21:08 Error: [MissingControllerException] Controller class Cake.power.gifController could not be found.
Exception Attributes: array (
  'class' => 'Cake.power.gifController',
  'plugin' => NULL,
)
Request URL: /product/nalist.com/trunk/img/cake.power.gif
Stack Trace:
#0 D:\www\product\nalist.com\trunk\app\webroot\index.php(110): Dispatcher->dispatch(Object(CakeRequest), Object(CakeResponse))
#1 {main}
2014-05-18 14:21:18 Error: Fatal Error (1): Call to a member function find() on a non-object in [D:\www\product\nalist.com\trunk\app\Plugin\Admin\Controller\FiltersController.php, line 58]
2014-05-18 14:21:18 Error: [FatalErrorException] Call to a member function find() on a non-object
Request URL: /product/nalist.com/trunk/admin/filters/add
Stack Trace:
#0 D:\www\product\nalist.com\trunk\lib\Cake\Error\ErrorHandler.php(205): ErrorHandler::handleFatalError(1, 'Call to a membe...', 'D:\www\product\...', 58)
#1 [internal function]: ErrorHandler::handleError(1, 'Call to a membe...', 'D:\www\product\...', 58, Array)
#2 D:\www\product\nalist.com\trunk\lib\Cake\Core\App.php(931): call_user_func('ErrorHandler::h...', 1, 'Call to a membe...', 'D:\www\product\...', 58, Array)
#3 D:\www\product\nalist.com\trunk\lib\Cake\Core\App.php(904): App::_checkFatalError()
#4 [internal function]: App::shutdown()
#5 {main}
2014-05-18 14:21:19 Error: [MissingControllerException] Controller class Cake.generic.cssController could not be found.
Exception Attributes: array (
  'class' => 'Cake.generic.cssController',
  'plugin' => NULL,
)
Request URL: /product/nalist.com/trunk/css/cake.generic.css
Stack Trace:
#0 D:\www\product\nalist.com\trunk\app\webroot\index.php(110): Dispatcher->dispatch(Object(CakeRequest), Object(CakeResponse))
#1 {main}
2014-05-18 14:21:19 Error: [MissingControllerException] Controller class Cake.power.gifController could not be found.
Exception Attributes: array (
  'class' => 'Cake.power.gifController',
  'plugin' => NULL,
)
Request URL: /product/nalist.com/trunk/img/cake.power.gif
Stack Trace:
#0 D:\www\product\nalist.com\trunk\app\webroot\index.php(110): Dispatcher->dispatch(Object(CakeRequest), Object(CakeResponse))
#1 {main}
2014-05-18 14:21:43 Error: Fatal Error (1): Call to a member function find() on a non-object in [D:\www\product\nalist.com\trunk\app\Plugin\Admin\Controller\CategoriesController.php, line 57]
2014-05-18 14:21:43 Error: [FatalErrorException] Call to a member function find() on a non-object
Request URL: /product/nalist.com/trunk/admin/categories/add
Stack Trace:
#0 D:\www\product\nalist.com\trunk\lib\Cake\Error\ErrorHandler.php(205): ErrorHandler::handleFatalError(1, 'Call to a membe...', 'D:\www\product\...', 57)
#1 [internal function]: ErrorHandler::handleError(1, 'Call to a membe...', 'D:\www\product\...', 57, Array)
#2 D:\www\product\nalist.com\trunk\lib\Cake\Core\App.php(931): call_user_func('ErrorHandler::h...', 1, 'Call to a membe...', 'D:\www\product\...', 57, Array)
#3 D:\www\product\nalist.com\trunk\lib\Cake\Core\App.php(904): App::_checkFatalError()
#4 [internal function]: App::shutdown()
#5 {main}
2014-05-18 14:21:43 Error: [MissingControllerException] Controller class Cake.generic.cssController could not be found.
Exception Attributes: array (
  'class' => 'Cake.generic.cssController',
  'plugin' => NULL,
)
Request URL: /product/nalist.com/trunk/css/cake.generic.css
Stack Trace:
#0 D:\www\product\nalist.com\trunk\app\webroot\index.php(110): Dispatcher->dispatch(Object(CakeRequest), Object(CakeResponse))
#1 {main}
2014-05-18 14:21:43 Error: [MissingControllerException] Controller class Cake.power.gifController could not be found.
Exception Attributes: array (
  'class' => 'Cake.power.gifController',
  'plugin' => NULL,
)
Request URL: /product/nalist.com/trunk/img/cake.power.gif
Stack Trace:
#0 D:\www\product\nalist.com\trunk\app\webroot\index.php(110): Dispatcher->dispatch(Object(CakeRequest), Object(CakeResponse))
#1 {main}
2014-05-18 14:23:08 Error: Fatal Error (1): Call to a member function find() on a non-object in [D:\www\product\nalist.com\trunk\app\Plugin\Admin\Controller\FiltersController.php, line 58]
2014-05-18 14:23:08 Error: [FatalErrorException] Call to a member function find() on a non-object
Request URL: /product/nalist.com/trunk/admin/filters/add
Stack Trace:
#0 D:\www\product\nalist.com\trunk\lib\Cake\Error\ErrorHandler.php(205): ErrorHandler::handleFatalError(1, 'Call to a membe...', 'D:\www\product\...', 58)
#1 [internal function]: ErrorHandler::handleError(1, 'Call to a membe...', 'D:\www\product\...', 58, Array)
#2 D:\www\product\nalist.com\trunk\lib\Cake\Core\App.php(931): call_user_func('ErrorHandler::h...', 1, 'Call to a membe...', 'D:\www\product\...', 58, Array)
#3 D:\www\product\nalist.com\trunk\lib\Cake\Core\App.php(904): App::_checkFatalError()
#4 [internal function]: App::shutdown()
#5 {main}
2014-05-18 14:23:08 Error: [MissingControllerException] Controller class Cake.generic.cssController could not be found.
Exception Attributes: array (
  'class' => 'Cake.generic.cssController',
  'plugin' => NULL,
)
Request URL: /product/nalist.com/trunk/css/cake.generic.css
Stack Trace:
#0 D:\www\product\nalist.com\trunk\app\webroot\index.php(110): Dispatcher->dispatch(Object(CakeRequest), Object(CakeResponse))
#1 {main}
2014-05-18 14:23:08 Error: [MissingControllerException] Controller class Cake.power.gifController could not be found.
Exception Attributes: array (
  'class' => 'Cake.power.gifController',
  'plugin' => NULL,
)
Request URL: /product/nalist.com/trunk/img/cake.power.gif
Stack Trace:
#0 D:\www\product\nalist.com\trunk\app\webroot\index.php(110): Dispatcher->dispatch(Object(CakeRequest), Object(CakeResponse))
#1 {main}
2014-05-18 14:24:11 Error: Fatal Error (1): Call to a member function find() on a non-object in [D:\www\product\nalist.com\trunk\app\Plugin\Admin\Controller\FiltersController.php, line 58]
2014-05-18 14:24:11 Error: [FatalErrorException] Call to a member function find() on a non-object
Request URL: /product/nalist.com/trunk/admin/filters/add
Stack Trace:
#0 D:\www\product\nalist.com\trunk\lib\Cake\Error\ErrorHandler.php(205): ErrorHandler::handleFatalError(1, 'Call to a membe...', 'D:\www\product\...', 58)
#1 [internal function]: ErrorHandler::handleError(1, 'Call to a membe...', 'D:\www\product\...', 58, Array)
#2 D:\www\product\nalist.com\trunk\lib\Cake\Core\App.php(931): call_user_func('ErrorHandler::h...', 1, 'Call to a membe...', 'D:\www\product\...', 58, Array)
#3 D:\www\product\nalist.com\trunk\lib\Cake\Core\App.php(904): App::_checkFatalError()
#4 [internal function]: App::shutdown()
#5 {main}
2014-05-18 14:24:12 Error: [MissingControllerException] Controller class Cake.generic.cssController could not be found.
Exception Attributes: array (
  'class' => 'Cake.generic.cssController',
  'plugin' => NULL,
)
Request URL: /product/nalist.com/trunk/css/cake.generic.css
Stack Trace:
#0 D:\www\product\nalist.com\trunk\app\webroot\index.php(110): Dispatcher->dispatch(Object(CakeRequest), Object(CakeResponse))
#1 {main}
2014-05-18 14:24:12 Error: [MissingControllerException] Controller class Cake.power.gifController could not be found.
Exception Attributes: array (
  'class' => 'Cake.power.gifController',
  'plugin' => NULL,
)
Request URL: /product/nalist.com/trunk/img/cake.power.gif
Stack Trace:
#0 D:\www\product\nalist.com\trunk\app\webroot\index.php(110): Dispatcher->dispatch(Object(CakeRequest), Object(CakeResponse))
#1 {main}
2014-05-18 14:43:07 Error: [PDOException] SQLSTATE[42000]: Syntax error or access violation: 1064 You have an error in your SQL syntax; check the manual that corresponds to your MySQL server version for the right syntax to use near 'generateTreePlusList' at line 1
Request URL: /product/nalist.com/trunk/losangeles/cat/fangwu
Stack Trace:
#0 D:\www\product\nalist.com\trunk\lib\Cake\Model\Datasource\DboSource.php(460): PDOStatement->execute(Array)
#1 D:\www\product\nalist.com\trunk\lib\Cake\Model\Datasource\DboSource.php(426): DboSource->_execute('generateTreePlu...', Array)
#2 D:\www\product\nalist.com\trunk\lib\Cake\Model\Datasource\DboSource.php(666): DboSource->execute('generateTreePlu...', Array, Array)
#3 D:\www\product\nalist.com\trunk\lib\Cake\Model\Datasource\DboSource.php(611): DboSource->fetchAll('generateTreePlu...', Array, Array)
#4 D:\www\product\nalist.com\trunk\lib\Cake\Model\Model.php(799): DboSource->query('generateTreePlu...', Array, Object(Category))
#5 D:\www\product\nalist.com\trunk\app\Controller\CategoriesController.php(108): Model->__call('generateTreePlu...', Array)
#6 D:\www\product\nalist.com\trunk\app\Controller\CategoriesController.php(108): Category->generateTreePlusList()
#7 [internal function]: CategoriesController->topMenu()
#8 D:\www\product\nalist.com\trunk\lib\Cake\Controller\Controller.php(490): ReflectionMethod->invokeArgs(Object(CategoriesController), Array)
#9 D:\www\product\nalist.com\trunk\lib\Cake\Routing\Dispatcher.php(187): Controller->invokeAction(Object(CakeRequest))
#10 D:\www\product\nalist.com\trunk\lib\Cake\Routing\Dispatcher.php(162): Dispatcher->_invoke(Object(CategoriesController), Object(CakeRequest), Object(CakeResponse))
#11 D:\www\product\nalist.com\trunk\lib\Cake\Core\Object.php(106): Dispatcher->dispatch(Object(CakeRequest), Object(CakeResponse), Array)
#12 D:\www\product\nalist.com\trunk\app\View\Themed\Japan\Layouts\default.ctp(48): Object->requestAction('/categories/top...')
#13 D:\www\product\nalist.com\trunk\lib\Cake\View\View.php(931): include('D:\www\product\...')
#14 D:\www\product\nalist.com\trunk\lib\Cake\View\View.php(893): View->_evaluate('D:\www\product\...', Array)
#15 D:\www\product\nalist.com\trunk\lib\Cake\View\View.php(525): View->_render('D:\www\product\...')
#16 D:\www\product\nalist.com\trunk\lib\Cake\View\View.php(470): View->renderLayout('', 'default')
#17 D:\www\product\nalist.com\trunk\lib\Cake\Controller\Controller.php(952): View->render(NULL, NULL)
#18 D:\www\product\nalist.com\trunk\lib\Cake\Routing\Dispatcher.php(194): Controller->render()
#19 D:\www\product\nalist.com\trunk\lib\Cake\Routing\Dispatcher.php(162): Dispatcher->_invoke(Object(InfosController), Object(CakeRequest), Object(CakeResponse))
#20 D:\www\product\nalist.com\trunk\app\webroot\index.php(110): Dispatcher->dispatch(Object(CakeRequest), Object(CakeResponse))
#21 {main}
2014-05-18 14:43:16 Error: [PDOException] SQLSTATE[42000]: Syntax error or access violation: 1064 You have an error in your SQL syntax; check the manual that corresponds to your MySQL server version for the right syntax to use near 'generateTreePlusList' at line 1
Request URL: /product/nalist.com/trunk/losangeles
Stack Trace:
#0 D:\www\product\nalist.com\trunk\lib\Cake\Model\Datasource\DboSource.php(460): PDOStatement->execute(Array)
#1 D:\www\product\nalist.com\trunk\lib\Cake\Model\Datasource\DboSource.php(426): DboSource->_execute('generateTreePlu...', Array)
#2 D:\www\product\nalist.com\trunk\lib\Cake\Model\Datasource\DboSource.php(666): DboSource->execute('generateTreePlu...', Array, Array)
#3 D:\www\product\nalist.com\trunk\lib\Cake\Model\Datasource\DboSource.php(611): DboSource->fetchAll('generateTreePlu...', Array, Array)
#4 D:\www\product\nalist.com\trunk\lib\Cake\Model\Model.php(799): DboSource->query('generateTreePlu...', Array, Object(Category))
#5 D:\www\product\nalist.com\trunk\app\Controller\EntryController.php(49): Model->__call('generateTreePlu...', Array)
#6 D:\www\product\nalist.com\trunk\app\Controller\EntryController.php(49): Category->generateTreePlusList()
#7 [internal function]: EntryController->city()
#8 D:\www\product\nalist.com\trunk\lib\Cake\Controller\Controller.php(490): ReflectionMethod->invokeArgs(Object(EntryController), Array)
#9 D:\www\product\nalist.com\trunk\lib\Cake\Routing\Dispatcher.php(187): Controller->invokeAction(Object(CakeRequest))
#10 D:\www\product\nalist.com\trunk\lib\Cake\Routing\Dispatcher.php(162): Dispatcher->_invoke(Object(EntryController), Object(CakeRequest), Object(CakeResponse))
#11 D:\www\product\nalist.com\trunk\app\webroot\index.php(110): Dispatcher->dispatch(Object(CakeRequest), Object(CakeResponse))
#12 {main}
2014-05-18 14:43:16 Error: [MissingControllerException] Controller class Cake.generic.cssController could not be found.
Exception Attributes: array (
  'class' => 'Cake.generic.cssController',
  'plugin' => NULL,
)
Request URL: /product/nalist.com/trunk/css/cake.generic.css
Stack Trace:
#0 D:\www\product\nalist.com\trunk\app\webroot\index.php(110): Dispatcher->dispatch(Object(CakeRequest), Object(CakeResponse))
#1 {main}
2014-05-18 14:43:16 Error: [MissingControllerException] Controller class Cake.power.gifController could not be found.
Exception Attributes: array (
  'class' => 'Cake.power.gifController',
  'plugin' => NULL,
)
Request URL: /product/nalist.com/trunk/img/cake.power.gif
Stack Trace:
#0 D:\www\product\nalist.com\trunk\app\webroot\index.php(110): Dispatcher->dispatch(Object(CakeRequest), Object(CakeResponse))
#1 {main}
2014-05-18 14:43:41 Error: [PDOException] SQLSTATE[42000]: Syntax error or access violation: 1064 You have an error in your SQL syntax; check the manual that corresponds to your MySQL server version for the right syntax to use near 'generateTreePlusList' at line 1
Request URL: /product/nalist.com/trunk/losangeles
Stack Trace:
#0 D:\www\product\nalist.com\trunk\lib\Cake\Model\Datasource\DboSource.php(460): PDOStatement->execute(Array)
#1 D:\www\product\nalist.com\trunk\lib\Cake\Model\Datasource\DboSource.php(426): DboSource->_execute('generateTreePlu...', Array)
#2 D:\www\product\nalist.com\trunk\lib\Cake\Model\Datasource\DboSource.php(666): DboSource->execute('generateTreePlu...', Array, Array)
#3 D:\www\product\nalist.com\trunk\lib\Cake\Model\Datasource\DboSource.php(611): DboSource->fetchAll('generateTreePlu...', Array, Array)
#4 D:\www\product\nalist.com\trunk\lib\Cake\Model\Model.php(799): DboSource->query('generateTreePlu...', Array, Object(Category))
#5 D:\www\product\nalist.com\trunk\app\Controller\CategoriesController.php(108): Model->__call('generateTreePlu...', Array)
#6 D:\www\product\nalist.com\trunk\app\Controller\CategoriesController.php(108): Category->generateTreePlusList()
#7 [internal function]: CategoriesController->topMenu()
#8 D:\www\product\nalist.com\trunk\lib\Cake\Controller\Controller.php(490): ReflectionMethod->invokeArgs(Object(CategoriesController), Array)
#9 D:\www\product\nalist.com\trunk\lib\Cake\Routing\Dispatcher.php(187): Controller->invokeAction(Object(CakeRequest))
#10 D:\www\product\nalist.com\trunk\lib\Cake\Routing\Dispatcher.php(162): Dispatcher->_invoke(Object(CategoriesController), Object(CakeRequest), Object(CakeResponse))
#11 D:\www\product\nalist.com\trunk\lib\Cake\Core\Object.php(106): Dispatcher->dispatch(Object(CakeRequest), Object(CakeResponse), Array)
#12 D:\www\product\nalist.com\trunk\app\View\Themed\Japan\Layouts\default.ctp(48): Object->requestAction('/categories/top...')
#13 D:\www\product\nalist.com\trunk\lib\Cake\View\View.php(931): include('D:\www\product\...')
#14 D:\www\product\nalist.com\trunk\lib\Cake\View\View.php(893): View->_evaluate('D:\www\product\...', Array)
#15 D:\www\product\nalist.com\trunk\lib\Cake\View\View.php(525): View->_render('D:\www\product\...')
#16 D:\www\product\nalist.com\trunk\lib\Cake\View\View.php(470): View->renderLayout('', 'default')
#17 D:\www\product\nalist.com\trunk\lib\Cake\Controller\Controller.php(952): View->render(NULL, NULL)
#18 D:\www\product\nalist.com\trunk\lib\Cake\Routing\Dispatcher.php(194): Controller->render()
#19 D:\www\product\nalist.com\trunk\lib\Cake\Routing\Dispatcher.php(162): Dispatcher->_invoke(Object(EntryController), Object(CakeRequest), Object(CakeResponse))
#20 D:\www\product\nalist.com\trunk\app\webroot\index.php(110): Dispatcher->dispatch(Object(CakeRequest), Object(CakeResponse))
#21 {main}
2014-05-18 14:44:12 Error: [PDOException] SQLSTATE[42000]: Syntax error or access violation: 1064 You have an error in your SQL syntax; check the manual that corresponds to your MySQL server version for the right syntax to use near 'generateTreePlusList' at line 1
Request URL: /product/nalist.com/trunk/losangeles
Stack Trace:
#0 D:\www\product\nalist.com\trunk\lib\Cake\Model\Datasource\DboSource.php(460): PDOStatement->execute(Array)
#1 D:\www\product\nalist.com\trunk\lib\Cake\Model\Datasource\DboSource.php(426): DboSource->_execute('generateTreePlu...', Array)
#2 D:\www\product\nalist.com\trunk\lib\Cake\Model\Datasource\DboSource.php(666): DboSource->execute('generateTreePlu...', Array, Array)
#3 D:\www\product\nalist.com\trunk\lib\Cake\Model\Datasource\DboSource.php(611): DboSource->fetchAll('generateTreePlu...', Array, Array)
#4 D:\www\product\nalist.com\trunk\lib\Cake\Model\Model.php(799): DboSource->query('generateTreePlu...', Array, Object(Category))
#5 D:\www\product\nalist.com\trunk\app\Controller\CategoriesController.php(108): Model->__call('generateTreePlu...', Array)
#6 D:\www\product\nalist.com\trunk\app\Controller\CategoriesController.php(108): Category->generateTreePlusList()
#7 [internal function]: CategoriesController->topMenu()
#8 D:\www\product\nalist.com\trunk\lib\Cake\Controller\Controller.php(490): ReflectionMethod->invokeArgs(Object(CategoriesController), Array)
#9 D:\www\product\nalist.com\trunk\lib\Cake\Routing\Dispatcher.php(187): Controller->invokeAction(Object(CakeRequest))
#10 D:\www\product\nalist.com\trunk\lib\Cake\Routing\Dispatcher.php(162): Dispatcher->_invoke(Object(CategoriesController), Object(CakeRequest), Object(CakeResponse))
#11 D:\www\product\nalist.com\trunk\lib\Cake\Core\Object.php(106): Dispatcher->dispatch(Object(CakeRequest), Object(CakeResponse), Array)
#12 D:\www\product\nalist.com\trunk\app\View\Themed\Japan\Layouts\default.ctp(48): Object->requestAction('/categories/top...')
#13 D:\www\product\nalist.com\trunk\lib\Cake\View\View.php(931): include('D:\www\product\...')
#14 D:\www\product\nalist.com\trunk\lib\Cake\View\View.php(893): View->_evaluate('D:\www\product\...', Array)
#15 D:\www\product\nalist.com\trunk\lib\Cake\View\View.php(525): View->_render('D:\www\product\...')
#16 D:\www\product\nalist.com\trunk\lib\Cake\View\View.php(470): View->renderLayout('', 'default')
#17 D:\www\product\nalist.com\trunk\lib\Cake\Controller\Controller.php(952): View->render(NULL, NULL)
#18 D:\www\product\nalist.com\trunk\lib\Cake\Routing\Dispatcher.php(194): Controller->render()
#19 D:\www\product\nalist.com\trunk\lib\Cake\Routing\Dispatcher.php(162): Dispatcher->_invoke(Object(EntryController), Object(CakeRequest), Object(CakeResponse))
#20 D:\www\product\nalist.com\trunk\app\webroot\index.php(110): Dispatcher->dispatch(Object(CakeRequest), Object(CakeResponse))
#21 {main}
2014-05-18 14:44:13 Error: [PDOException] SQLSTATE[42000]: Syntax error or access violation: 1064 You have an error in your SQL syntax; check the manual that corresponds to your MySQL server version for the right syntax to use near 'generateTreePlusList' at line 1
Request URL: /product/nalist.com/trunk/losangeles
Stack Trace:
#0 D:\www\product\nalist.com\trunk\lib\Cake\Model\Datasource\DboSource.php(460): PDOStatement->execute(Array)
#1 D:\www\product\nalist.com\trunk\lib\Cake\Model\Datasource\DboSource.php(426): DboSource->_execute('generateTreePlu...', Array)
#2 D:\www\product\nalist.com\trunk\lib\Cake\Model\Datasource\DboSource.php(666): DboSource->execute('generateTreePlu...', Array, Array)
#3 D:\www\product\nalist.com\trunk\lib\Cake\Model\Datasource\DboSource.php(611): DboSource->fetchAll('generateTreePlu...', Array, Array)
#4 D:\www\product\nalist.com\trunk\lib\Cake\Model\Model.php(799): DboSource->query('generateTreePlu...', Array, Object(Category))
#5 D:\www\product\nalist.com\trunk\app\Controller\CategoriesController.php(108): Model->__call('generateTreePlu...', Array)
#6 D:\www\product\nalist.com\trunk\app\Controller\CategoriesController.php(108): Category->generateTreePlusList()
#7 [internal function]: CategoriesController->topMenu()
#8 D:\www\product\nalist.com\trunk\lib\Cake\Controller\Controller.php(490): ReflectionMethod->invokeArgs(Object(CategoriesController), Array)
#9 D:\www\product\nalist.com\trunk\lib\Cake\Routing\Dispatcher.php(187): Controller->invokeAction(Object(CakeRequest))
#10 D:\www\product\nalist.com\trunk\lib\Cake\Routing\Dispatcher.php(162): Dispatcher->_invoke(Object(CategoriesController), Object(CakeRequest), Object(CakeResponse))
#11 D:\www\product\nalist.com\trunk\lib\Cake\Core\Object.php(106): Dispatcher->dispatch(Object(CakeRequest), Object(CakeResponse), Array)
#12 D:\www\product\nalist.com\trunk\app\View\Themed\Japan\Layouts\default.ctp(48): Object->requestAction('/categories/top...')
#13 D:\www\product\nalist.com\trunk\lib\Cake\View\View.php(931): include('D:\www\product\...')
#14 D:\www\product\nalist.com\trunk\lib\Cake\View\View.php(893): View->_evaluate('D:\www\product\...', Array)
#15 D:\www\product\nalist.com\trunk\lib\Cake\View\View.php(525): View->_render('D:\www\product\...')
#16 D:\www\product\nalist.com\trunk\lib\Cake\View\View.php(470): View->renderLayout('', 'default')
#17 D:\www\product\nalist.com\trunk\lib\Cake\Controller\Controller.php(952): View->render(NULL, NULL)
#18 D:\www\product\nalist.com\trunk\lib\Cake\Routing\Dispatcher.php(194): Controller->render()
#19 D:\www\product\nalist.com\trunk\lib\Cake\Routing\Dispatcher.php(162): Dispatcher->_invoke(Object(EntryController), Object(CakeRequest), Object(CakeResponse))
#20 D:\www\product\nalist.com\trunk\app\webroot\index.php(110): Dispatcher->dispatch(Object(CakeRequest), Object(CakeResponse))
#21 {main}
2014-05-18 15:01:35 Error: [MissingControllerException] Controller class FindByCatController could not be found.
Exception Attributes: array (
  'class' => 'FindByCatController',
  'plugin' => NULL,
)
Request URL: /product/nalist.com/trunk/losangeles
Stack Trace:
#0 D:\www\product\nalist.com\trunk\lib\Cake\Core\Object.php(106): Dispatcher->dispatch(Object(CakeRequest), Object(CakeResponse), Array)
#1 D:\www\product\nalist.com\trunk\app\View\Themed\Japan\Entry\city.ctp(14): Object->requestAction('/filters/findBy...')
#2 D:\www\product\nalist.com\trunk\lib\Cake\View\View.php(931): include('D:\www\product\...')
#3 D:\www\product\nalist.com\trunk\lib\Cake\View\View.php(893): View->_evaluate('D:\www\product\...', Array)
#4 D:\www\product\nalist.com\trunk\lib\Cake\View\View.php(462): View->_render('D:\www\product\...')
#5 D:\www\product\nalist.com\trunk\lib\Cake\Controller\Controller.php(952): View->render(NULL, NULL)
#6 D:\www\product\nalist.com\trunk\lib\Cake\Routing\Dispatcher.php(194): Controller->render()
#7 D:\www\product\nalist.com\trunk\lib\Cake\Routing\Dispatcher.php(162): Dispatcher->_invoke(Object(EntryController), Object(CakeRequest), Object(CakeResponse))
#8 D:\www\product\nalist.com\trunk\app\webroot\index.php(110): Dispatcher->dispatch(Object(CakeRequest), Object(CakeResponse))
#9 {main}
2014-05-18 15:01:59 Error: Fatal Error (1): Class 'AdminAppController' not found in [D:\www\product\nalist.com\trunk\app\Controller\FiltersController.php, line 8]
2014-05-18 15:01:59 Error: [FatalErrorException] Class 'AdminAppController' not found
Request URL: /product/nalist.com/trunk/losangeles
Stack Trace:
#0 D:\www\product\nalist.com\trunk\lib\Cake\Error\ErrorHandler.php(205): ErrorHandler::handleFatalError(1, 'Class 'AdminApp...', 'D:\www\product\...', 8)
#1 [internal function]: ErrorHandler::handleError(1, 'Class 'AdminApp...', 'D:\www\product\...', 8, Array)
#2 D:\www\product\nalist.com\trunk\lib\Cake\Core\App.php(931): call_user_func('ErrorHandler::h...', 1, 'Class 'AdminApp...', 'D:\www\product\...', 8, Array)
#3 D:\www\product\nalist.com\trunk\lib\Cake\Core\App.php(904): App::_checkFatalError()
#4 [internal function]: App::shutdown()
#5 {main}
2014-05-18 15:05:10 Error: Fatal Error (4): syntax error, unexpected ';', expecting ')' in [D:\www\product\nalist.com\trunk\app\Controller\FiltersController.php, line 39]
2014-05-18 15:05:10 Error: [FatalErrorException] syntax error, unexpected ';', expecting ')'
Request URL: /product/nalist.com/trunk/losangeles
Stack Trace:
#0 D:\www\product\nalist.com\trunk\lib\Cake\Error\ErrorHandler.php(205): ErrorHandler::handleFatalError(4, 'syntax error, u...', 'D:\www\product\...', 39)
#1 [internal function]: ErrorHandler::handleError(4, 'syntax error, u...', 'D:\www\product\...', 39, Array)
#2 D:\www\product\nalist.com\trunk\lib\Cake\Core\App.php(931): call_user_func('ErrorHandler::h...', 4, 'syntax error, u...', 'D:\www\product\...', 39, Array)
#3 D:\www\product\nalist.com\trunk\lib\Cake\Core\App.php(904): App::_checkFatalError()
#4 [internal function]: App::shutdown()
#5 {main}
2014-07-25 23:16:51 Error: [PDOException] SQLSTATE[42S22]: Column not found: 1054 Unknown column 'Filter.key' in 'field list'
Request URL: /product/nalist.com/trunk/losangeles
Stack Trace:
#0 D:\www\product\nalist.com\trunk\lib\Cake\Model\Datasource\DboSource.php(460): PDOStatement->execute(Array)
#1 D:\www\product\nalist.com\trunk\lib\Cake\Model\Datasource\DboSource.php(426): DboSource->_execute('SELECT `Filter`...', Array)
#2 D:\www\product\nalist.com\trunk\lib\Cake\Model\Datasource\DboSource.php(666): DboSource->execute('SELECT `Filter`...', Array, Array)
#3 D:\www\product\nalist.com\trunk\lib\Cake\Model\Datasource\DboSource.php(1077): DboSource->fetchAll('SELECT `Filter`...', false)
#4 D:\www\product\nalist.com\trunk\lib\Cake\Model\Model.php(2750): DboSource->read(Object(Filter), Array)
#5 D:\www\product\nalist.com\trunk\lib\Cake\Model\Model.php(2722): Model->_readDataSource('list', Array)
#6 D:\www\product\nalist.com\trunk\app\Controller\FiltersController.php(40): Model->find('list', Array)
#7 [internal function]: FiltersController->findByCat('fangwu')
#8 D:\www\product\nalist.com\trunk\lib\Cake\Controller\Controller.php(490): ReflectionMethod->invokeArgs(Object(FiltersController), Array)
#9 D:\www\product\nalist.com\trunk\lib\Cake\Routing\Dispatcher.php(187): Controller->invokeAction(Object(CakeRequest))
#10 D:\www\product\nalist.com\trunk\lib\Cake\Routing\Dispatcher.php(162): Dispatcher->_invoke(Object(FiltersController), Object(CakeRequest), Object(CakeResponse))
#11 D:\www\product\nalist.com\trunk\lib\Cake\Core\Object.php(106): Dispatcher->dispatch(Object(CakeRequest), Object(CakeResponse), Array)
#12 D:\www\product\nalist.com\trunk\app\View\Themed\Japan\Entry\city.ctp(14): Object->requestAction('/filters/findBy...')
#13 D:\www\product\nalist.com\trunk\lib\Cake\View\View.php(931): include('D:\www\product\...')
#14 D:\www\product\nalist.com\trunk\lib\Cake\View\View.php(893): View->_evaluate('D:\www\product\...', Array)
#15 D:\www\product\nalist.com\trunk\lib\Cake\View\View.php(462): View->_render('D:\www\product\...')
#16 D:\www\product\nalist.com\trunk\lib\Cake\Controller\Controller.php(952): View->render(NULL, NULL)
#17 D:\www\product\nalist.com\trunk\lib\Cake\Routing\Dispatcher.php(194): Controller->render()
#18 D:\www\product\nalist.com\trunk\lib\Cake\Routing\Dispatcher.php(162): Dispatcher->_invoke(Object(EntryController), Object(CakeRequest), Object(CakeResponse))
#19 D:\www\product\nalist.com\trunk\app\webroot\index.php(110): Dispatcher->dispatch(Object(CakeRequest), Object(CakeResponse))
#20 {main}
